# JRE version: Java(TM) SE Runtime Environment (8.0_172-b11) (build 1.8.0_172-b11)
# Java VM: Java HotSpot(TM) 64-Bit Server VM (25.172-b11 mixed mode linux-amd64 compressed oops)
Heap:
 PSYoungGen      total 68608K, used 7162K [0x00000000ec780000, 0x00000000f1180000, 0x0000000100000000)
  eden space 61440K, 0% used [0x00000000ec780000,0x00000000ec780000,0x00000000f0380000)
  from space 7168K, 99% used [0x00000000f0380000,0x00000000f0a7e978,0x00000000f0a80000)
  to   space 6656K, 0% used [0x00000000f0b00000,0x00000000f0b00000,0x00000000f1180000)
 ParOldGen       total 40960K, used 11369K [0x00000000c5600000, 0x00000000c7e00000, 0x00000000ec780000)
  object space 40960K, 27% used [0x00000000c5600000,0x00000000c611a730,0x00000000c7e00000)
 Metaspace       used 19591K, capacity 20120K, committed 20352K, reserved 1067008K
  class space    used 2370K, capacity 2574K, committed 2688K, reserved 1048576K
GC Heap History (10 events):
Event: 2.377 GC heap after
Heap after GC invocations=2 (full 0):
 PSYoungGen      total 17920K, used 2443K [0x00000000ec780000, 0x00000000eea80000, 0x0000000100000000)
  eden space 15360K, 0% used [0x00000000ec780000,0x00000000ec780000,0x00000000ed680000)
  from space 2560K, 95% used [0x00000000ed900000,0x00000000edb62fa0,0x00000000edb80000)
  to   space 2560K, 0% used [0x00000000ed680000,0x00000000ed680000,0x00000000ed900000)
 ParOldGen       total 40960K, used 1113K [0x00000000c5600000, 0x00000000c7e00000, 0x00000000ec780000)
  object space 40960K, 2% used [0x00000000c5600000,0x00000000c5716440,0x00000000c7e00000)
 Metaspace       used 7942K, capacity 8136K, committed 8320K, reserved 1056768K
  class space    used 994K, capacity 1052K, committed 1152K, reserved 1048576K
}
Event: 2.757 GC heap before
{Heap before GC invocations=3 (full 0):
 PSYoungGen      total 17920K, used 17803K [0x00000000ec780000, 0x00000000eea80000, 0x0000000100000000)
  eden space 15360K, 100% used [0x00000000ec780000,0x00000000ed680000,0x00000000ed680000)
  from space 2560K, 95% used [0x00000000ed900000,0x00000000edb62fa0,0x00000000edb80000)
  to   space 2560K, 0% used [0x00000000ed680000,0x00000000ed680000,0x00000000ed900000)
 ParOldGen       total 40960K, used 1113K [0x00000000c5600000, 0x00000000c7e00000, 0x00000000ec780000)
  object space 40960K, 2% used [0x00000000c5600000,0x00000000c5716440,0x00000000c7e00000)
 Metaspace       used 9854K, capacity 10050K, committed 10368K, reserved 1058816K
  class space    used 1227K, capacity 1283K, committed 1408K, reserved 1048576K
Event: 2.765 GC heap after
Heap after GC invocations=3 (full 0):
 PSYoungGen      total 17920K, used 2546K [0x00000000ec780000, 0x00000000eea80000, 0x0000000100000000)
  eden space 15360K, 0% used [0x00000000ec780000,0x00000000ec780000,0x00000000ed680000)
  from space 2560K, 99% used [0x00000000ed680000,0x00000000ed8fc838,0x00000000ed900000)
  to   space 2560K, 0% used [0x00000000ee800000,0x00000000ee800000,0x00000000eea80000)
 ParOldGen       total 40960K, used 2907K [0x00000000c5600000, 0x00000000c7e00000, 0x00000000ec780000)
  object space 40960K, 7% used [0x00000000c5600000,0x00000000c58d6d98,0x00000000c7e00000)
 Metaspace       used 9854K, capacity 10050K, committed 10368K, reserved 1058816K
  class space    used 1227K, capacity 1283K, committed 1408K, reserved 1048576K
}
Event: 3.199 GC heap before
{Heap before GC invocations=4 (full 0):
 PSYoungGen      total 17920K, used 17906K [0x00000000ec780000, 0x00000000eea80000, 0x0000000100000000)
  eden space 15360K, 100% used [0x00000000ec780000,0x00000000ed680000,0x00000000ed680000)
  from space 2560K, 99% used [0x00000000ed680000,0x00000000ed8fc838,0x00000000ed900000)
  to   space 2560K, 0% used [0x00000000ee800000,0x00000000ee800000,0x00000000eea80000)
 ParOldGen       total 40960K, used 2907K [0x00000000c5600000, 0x00000000c7e00000, 0x00000000ec780000)
  object space 40960K, 7% used [0x00000000c5600000,0x00000000c58d6d98,0x00000000c7e00000)
 Metaspace       used 11830K, capacity 12072K, committed 12416K, reserved 1060864K
  class space    used 1496K, capacity 1611K, committed 1664K, reserved 1048576K
Event: 3.216 GC heap after
Heap after GC invocations=4 (full 0):
 PSYoungGen      total 33280K, used 2544K [0x00000000ec780000, 0x00000000eea80000, 0x0000000100000000)
  eden space 30720K, 0% used [0x00000000ec780000,0x00000000ec780000,0x00000000ee580000)
  from space 2560K, 99% used [0x00000000ee800000,0x00000000eea7c030,0x00000000eea80000)
  to   space 2560K, 0% used [0x00000000ee580000,0x00000000ee580000,0x00000000ee800000)
 ParOldGen       total 40960K, used 5418K [0x00000000c5600000, 0x00000000c7e00000, 0x00000000ec780000)
  object space 40960K, 13% used [0x00000000c5600000,0x00000000c5b4a8a0,0x00000000c7e00000)
 Metaspace       used 11830K, capacity 12072K, committed 12416K, reserved 1060864K
  class space    used 1496K, capacity 1611K, committed 1664K, reserved 1048576K
}
Event: 5.375 GC heap before
{Heap before GC invocations=5 (full 0):
 PSYoungGen      total 33280K, used 33264K [0x00000000ec780000, 0x00000000eea80000, 0x0000000100000000)
  eden space 30720K, 100% used [0x00000000ec780000,0x00000000ee580000,0x00000000ee580000)
  from space 2560K, 99% used [0x00000000ee800000,0x00000000eea7c030,0x00000000eea80000)
  to   space 2560K, 0% used [0x00000000ee580000,0x00000000ee580000,0x00000000ee800000)
 ParOldGen       total 40960K, used 5418K [0x00000000c5600000, 0x00000000c7e00000, 0x00000000ec780000)
  object space 40960K, 13% used [0x00000000c5600000,0x00000000c5b4a8a0,0x00000000c7e00000)
 Metaspace       used 14922K, capacity 15198K, committed 15488K, reserved 1062912K
  class space    used 1836K, capacity 1916K, committed 1920K, reserved 1048576K
Event: 5.516 GC heap after
Heap after GC invocations=5 (full 0):
 PSYoungGen      total 33280K, used 2560K [0x00000000ec780000, 0x00000000f1280000, 0x0000000100000000)
  eden space 30720K, 0% used [0x00000000ec780000,0x00000000ec780000,0x00000000ee580000)
  from space 2560K, 100% used [0x00000000ee580000,0x00000000ee800000,0x00000000ee800000)
  to   space 7680K, 0% used [0x00000000f0b00000,0x00000000f0b00000,0x00000000f1280000)
 ParOldGen       total 40960K, used 9264K [0x00000000c5600000, 0x00000000c7e00000, 0x00000000ec780000)
  object space 40960K, 22% used [0x00000000c5600000,0x00000000c5f0c3e8,0x00000000c7e00000)
 Metaspace       used 14922K, capacity 15198K, committed 15488K, reserved 1062912K
  class space    used 1836K, capacity 1916K, committed 1920K, reserved 1048576K
}
Event: 7.342 GC heap before
{Heap before GC invocations=6 (full 0):
 PSYoungGen      total 33280K, used 33280K [0x00000000ec780000, 0x00000000f1280000, 0x0000000100000000)
  eden space 30720K, 100% used [0x00000000ec780000,0x00000000ee580000,0x00000000ee580000)
  from space 2560K, 100% used [0x00000000ee580000,0x00000000ee800000,0x00000000ee800000)
  to   space 7680K, 0% used [0x00000000f0b00000,0x00000000f0b00000,0x00000000f1280000)
 ParOldGen       total 40960K, used 9264K [0x00000000c5600000, 0x00000000c7e00000, 0x00000000ec780000)
  object space 40960K, 22% used [0x00000000c5600000,0x00000000c5f0c3e8,0x00000000c7e00000)
 Metaspace       used 15812K, capacity 16232K, committed 16384K, reserved 1062912K
  class space    used 1929K, capacity 2023K, committed 2048K, reserved 1048576K
Event: 7.394 GC heap after
Heap after GC invocations=6 (full 0):
 PSYoungGen      total 68096K, used 5072K [0x00000000ec780000, 0x00000000f1180000, 0x0000000100000000)
  eden space 61440K, 0% used [0x00000000ec780000,0x00000000ec780000,0x00000000f0380000)
  from space 6656K, 76% used [0x00000000f0b00000,0x00000000f0ff4010,0x00000000f1180000)
  to   space 7168K, 0% used [0x00000000f0380000,0x00000000f0380000,0x00000000f0a80000)
 ParOldGen       total 40960K, used 9272K [0x00000000c5600000, 0x00000000c7e00000, 0x00000000ec780000)
  object space 40960K, 22% used [0x00000000c5600000,0x00000000c5f0e3e8,0x00000000c7e00000)
 Metaspace       used 15812K, capacity 16232K, committed 16384K, reserved 1062912K
  class space    used 1929K, capacity 2023K, committed 2048K, reserved 1048576K
}
Event: 32.755 GC heap before
{Heap before GC invocations=7 (full 0):
 PSYoungGen      total 68096K, used 66512K [0x00000000ec780000, 0x00000000f1180000, 0x0000000100000000)
  eden space 61440K, 100% used [0x00000000ec780000,0x00000000f0380000,0x00000000f0380000)
  from space 6656K, 76% used [0x00000000f0b00000,0x00000000f0ff4010,0x00000000f1180000)
  to   space 7168K, 0% used [0x00000000f0380000,0x00000000f0380000,0x00000000f0a80000)
 ParOldGen       total 40960K, used 9272K [0x00000000c5600000, 0x00000000c7e00000, 0x00000000ec780000)
  object space 40960K, 22% used [0x00000000c5600000,0x00000000c5f0e3e8,0x00000000c7e00000)
 Metaspace       used 19591K, capacity 20120K, committed 20352K, reserved 1067008K
  class space    used 2370K, capacity 2574K, committed 2688K, reserved 1048576K

